<?xml version="1.0" encoding="UTF-8"?>
<!-- Generated by org.testng.reporters.JUnitReportReporter -->
<testsuite hostname="DESKTOP-ULL6IFD" failures="0" tests="1" name="com.scripts.facebook.FacebookFrameworkTest" time="11.577" errors="0" timestamp="06 Jan 2021 08:54:37 GMT" skipped="0">
  <testcase classname="com.scripts.facebook.FacebookFrameworkTest" name="submitMethod" time="11.577"/>
</testsuite> <!-- com.scripts.facebook.FacebookFrameworkTest -->
